0 info it worked if it ends with ok
1 verbose cli [ '/home/ubuntu/.nvm/v0.10.35/bin/node',
1 verbose cli   '/home/ubuntu/.nvm/v0.10.35/bin/npm',
1 verbose cli   'install',
1 verbose cli   '-g',
1 verbose cli   'node-supervisor',
1 verbose cli   '--save-dev' ]
2 info using npm@1.4.28
3 info using node@v0.10.35
4 verbose cache add [ 'node-supervisor', null ]
5 verbose cache add name=undefined spec="node-supervisor" args=["node-supervisor",null]
6 verbose parsed url { protocol: null,
6 verbose parsed url   slashes: null,
6 verbose parsed url   auth: null,
6 verbose parsed url   host: null,
6 verbose parsed url   port: null,
6 verbose parsed url   hostname: null,
6 verbose parsed url   hash: null,
6 verbose parsed url   search: null,
6 verbose parsed url   query: null,
6 verbose parsed url   pathname: 'node-supervisor',
6 verbose parsed url   path: 'node-supervisor',
6 verbose parsed url   href: 'node-supervisor' }
7 silly lockFile 4383d1ff-node-supervisor node-supervisor
8 verbose lock node-supervisor /home/ubuntu/.npm/4383d1ff-node-supervisor.lock
9 silly lockFile 4383d1ff-node-supervisor node-supervisor
10 silly lockFile 4383d1ff-node-supervisor node-supervisor
11 verbose addNamed [ 'node-supervisor', '' ]
12 verbose addNamed [ null, '*' ]
13 silly lockFile c16c024b-node-supervisor node-supervisor@
14 verbose lock node-supervisor@ /home/ubuntu/.npm/c16c024b-node-supervisor.lock
15 silly addNameRange { name: 'node-supervisor', range: '*', hasData: false }
16 verbose request where is /node-supervisor
17 verbose request registry https://registry.npmjs.org/
18 verbose request id 8a4c7e32f95be397
19 verbose url raw /node-supervisor
20 verbose url resolving [ 'https://registry.npmjs.org/', './node-supervisor' ]
21 verbose url resolved https://registry.npmjs.org/node-supervisor
22 verbose request where is https://registry.npmjs.org/node-supervisor
23 info trying registry request attempt 1 at 11:53:57
24 http GET https://registry.npmjs.org/node-supervisor
25 http 404 https://registry.npmjs.org/node-supervisor
26 verbose headers { date: 'Wed, 18 Mar 2015 11:53:57 GMT',
26 verbose headers   server: 'CouchDB/1.5.0 (Erlang OTP/R16B03)',
26 verbose headers   'content-type': 'application/json',
26 verbose headers   'cache-control': 'max-age=0',
26 verbose headers   'content-length': '51',
26 verbose headers   'accept-ranges': 'bytes',
26 verbose headers   via: '1.1 varnish',
26 verbose headers   age: '0',
26 verbose headers   'x-served-by': 'cache-lhr6334-LHR',
26 verbose headers   'x-cache': 'MISS',
26 verbose headers   'x-cache-hits': '0',
26 verbose headers   'x-timer': 'S1426679637.321033,VS0,VE90',
26 verbose headers   'keep-alive': 'timeout=10, max=50',
26 verbose headers   connection: 'Keep-Alive' }
27 silly registry.get cb [ 404,
27 silly registry.get   { date: 'Wed, 18 Mar 2015 11:53:57 GMT',
27 silly registry.get     server: 'CouchDB/1.5.0 (Erlang OTP/R16B03)',
27 silly registry.get     'content-type': 'application/json',
27 silly registry.get     'cache-control': 'max-age=0',
27 silly registry.get     'content-length': '51',
27 silly registry.get     'accept-ranges': 'bytes',
27 silly registry.get     via: '1.1 varnish',
27 silly registry.get     age: '0',
27 silly registry.get     'x-served-by': 'cache-lhr6334-LHR',
27 silly registry.get     'x-cache': 'MISS',
27 silly registry.get     'x-cache-hits': '0',
27 silly registry.get     'x-timer': 'S1426679637.321033,VS0,VE90',
27 silly registry.get     'keep-alive': 'timeout=10, max=50',
27 silly registry.get     connection: 'Keep-Alive' } ]
28 silly lockFile c16c024b-node-supervisor node-supervisor@
29 silly lockFile c16c024b-node-supervisor node-supervisor@
30 error 404 404 Not Found: node-supervisor
30 error 404
30 error 404 'node-supervisor' is not in the npm registry.
30 error 404 You should bug the author to publish it
30 error 404
30 error 404 Maybe try 'npm search supervisor'
30 error 404
30 error 404 Note that you can also install from a
30 error 404 tarball, folder, or http url, or git url.
31 error System Linux 3.14.13-c9
32 error command "/home/ubuntu/.nvm/v0.10.35/bin/node" "/home/ubuntu/.nvm/v0.10.35/bin/npm" "install" "-g" "node-supervisor" "--save-dev"
33 error cwd /home/ubuntu/workspace/Pr3_PL_1415
34 error node -v v0.10.35
35 error npm -v 1.4.28
36 error code E404
37 verbose exit [ 1, true ]
